<?xml version="1.0" encoding="UTF-8"?>
<!-- Generated by org.testng.reporters.JUnitReportReporter -->
<testsuite skipped="0" hostname="LAPTOP-S1LVCJIH" name="com.TestCases.Tc_01_Signin_Validation" tests="1" failures="0" timestamp="28 May 2018 16:42:23 GMT" time="15.861" errors="0">
  <testcase name="validate_Signin" time="15.861" classname="com.TestCases.Tc_01_Signin_Validation"/>
</testsuite> <!-- com.TestCases.Tc_01_Signin_Validation -->
